<?xml version="1.0" encoding="UTF-8"?>
<!-- Generated by org.testng.reporters.JUnitReportReporter -->
<testsuite hostname="karthik-2002" failures="0" tests="1" name="testng.TestNGDemo2" time="0.015" errors="0" timestamp="2025-03-11T09:05:49 IST" skipped="0">
  <testcase classname="testng.TestNGDemo2" name="SampleTC" time="0.015"/>
  <system-out/>
</testsuite> <!-- testng.TestNGDemo2 -->
