<?xml version="1.0" encoding="UTF-8"?>
<!-- Generated by org.testng.reporters.JUnitReportReporter -->
<testsuite hostname="karthik-2002" failures="0" tests="2" name="testng.MyTest" time="0.013" errors="0" timestamp="2025-03-05T12:13:12 IST" skipped="0">
  <testcase classname="testng.MyTest" name="test2" time="0.001"/>
  <system-out/>
  <testcase classname="testng.MyTest" name="test1" time="0.012"/>
  <system-out/>
</testsuite> <!-- testng.MyTest -->
