<?xml version="1.0" encoding="UTF-8"?>
<!-- Generated by org.testng.reporters.JUnitReportReporter -->
<testsuite hostname="karthik-2002" failures="0" tests="1" name="testng.RediffLoginTC1" time="9.420" errors="0" timestamp="2025-03-05T13:00:05 IST" skipped="0">
  <testcase classname="testng.RediffLoginTC1" name="rediffTC1" time="9.420"/>
  <system-out/>
</testsuite> <!-- testng.RediffLoginTC1 -->
