<?xml version="1.0" encoding="UTF-8"?>
<!-- Generated by org.testng.reporters.JUnitReportReporter -->
<testsuite hostname="karthik-2002" failures="0" tests="2" name="testng.GoogleTest" time="13.953" errors="0" timestamp="2025-03-05T17:59:52 IST" skipped="0">
  <testcase classname="testng.GoogleTest" name="googleDemo" time="6.970"/>
  <system-out/>
  <testcase classname="testng.GoogleTest" name="orangeDemo" time="6.983"/>
  <system-out/>
</testsuite> <!-- testng.GoogleTest -->
