<?xml version="1.0" encoding="UTF-8"?>
<!-- Generated by org.testng.reporters.JUnitReportReporter -->
<testsuite hostname="karthik-2002" failures="0" tests="2" name="testng.HRMSDemo" time="16.464" errors="0" timestamp="2025-03-15T09:53:56 IST" skipped="0">
  <testcase classname="testng.HRMSDemo" name="data" time="0.003"/>
  <system-out/>
  <testcase classname="testng.HRMSDemo" name="login" time="16.461"/>
  <system-out/>
</testsuite> <!-- testng.HRMSDemo -->
