<?xml version="1.0" encoding="UTF-8"?>
<!-- Generated by org.testng.reporters.JUnitReportReporter -->
<testsuite hostname="karthik-2002" failures="0" tests="2" name="testng.TestNGDemo1" time="0.012" errors="0" timestamp="2025-03-04T10:23:43 IST" skipped="0">
  <testcase classname="testng.TestNGDemo1" name="TC2" time="0.010"/>
  <system-out/>
  <testcase classname="testng.TestNGDemo1" name="TC1" time="0.002"/>
  <system-out/>
</testsuite> <!-- testng.TestNGDemo1 -->
