<?xml version="1.0" encoding="UTF-8"?>
<!-- Generated by org.testng.reporters.JUnitReportReporter -->
<testsuite hostname="karthik-2002" failures="0" tests="1" name="testng.RediffLoginExcel" time="14.100" errors="0" timestamp="2025-03-05T16:08:46 IST" skipped="0">
  <testcase classname="testng.RediffLoginExcel" name="ReadDataExcel" time="14.100"/>
  <system-out/>
</testsuite> <!-- testng.RediffLoginExcel -->
