<?xml version="1.0" encoding="UTF-8"?>
<!-- Generated by org.testng.reporters.JUnitReportReporter -->
<testsuite hostname="karthik-2002" failures="0" tests="2" name="testng.ParameterDemo" time="0.028" errors="0" timestamp="2025-03-04T12:45:35 IST" skipped="0">
  <testcase classname="testng.ParameterDemo" name="sum" time="0.002"/>
  <system-out/>
  <testcase classname="testng.ParameterDemo" name="sub" time="0.026"/>
  <system-out/>
</testsuite> <!-- testng.ParameterDemo -->
