<?xml version="1.0" encoding="UTF-8"?>
<!-- Generated by org.testng.reporters.JUnitReportReporter -->
<testsuite hostname="karthik-2002" failures="0" tests="2" name="testng.TestNGDemo3" time="0.013" errors="0" timestamp="2025-03-04T10:48:26 IST" skipped="1">
  <testcase classname="testng.TestNGDemo3" name="TC2" time="0.013"/>
  <system-out/>
  <testcase classname="testng.TestNGDemo3" name="TC1">
    <skipped/>
  </testcase> <!-- TC1 -->
  <system-out/>
</testsuite> <!-- testng.TestNGDemo3 -->
