<?xml version="1.0" encoding="UTF-8"?>
<!-- Generated by org.testng.reporters.JUnitReportReporter -->
<testsuite hostname="karthik-2002" failures="0" tests="1" name="testng.ReadExcelData" time="0.556" errors="0" timestamp="2025-03-05T10:45:43 IST" skipped="0">
  <testcase classname="testng.ReadExcelData" name="readExcel" time="0.556"/>
  <system-out/>
</testsuite> <!-- testng.ReadExcelData -->
